# JRE version: Java(TM) SE Runtime Environment (8.0_45-b14) (build 1.8.0_45-b14)
# Java VM: Java HotSpot(TM) 64-Bit Server VM (25.45-b02 mixed mode bsd-amd64 compressed oops)
Heap:
 PSYoungGen      total 348672K, used 25646K [0x00000007aab00000, 0x00000007c0000000, 0x00000007c0000000)
  eden space 348160K, 7% used [0x00000007aab00000,0x00000007ac3f3bf0,0x00000007bff00000)
  from space 512K, 18% used [0x00000007bff80000,0x00000007bff98000,0x00000007c0000000)
  to   space 512K, 0% used [0x00000007bff00000,0x00000007bff00000,0x00000007bff80000)
 ParOldGen       total 143360K, used 104374K [0x0000000780000000, 0x0000000788c00000, 0x00000007aab00000)
  object space 143360K, 72% used [0x0000000780000000,0x00000007865ed988,0x0000000788c00000)
 Metaspace       used 24851K, capacity 25254K, committed 25600K, reserved 1071104K
  class space    used 2915K, capacity 3019K, committed 3072K, reserved 1048576K
GC Heap History (10 events):
Event: 74.254 GC heap before
{Heap before GC invocations=268 (full 2):
 PSYoungGen      total 348672K, used 348288K [0x00000007aab00000, 0x00000007c0000000, 0x00000007c0000000)
  eden space 348160K, 100% used [0x00000007aab00000,0x00000007bff00000,0x00000007bff00000)
  from space 512K, 25% used [0x00000007bff00000,0x00000007bff20000,0x00000007bff80000)
  to   space 512K, 0% used [0x00000007bff80000,0x00000007bff80000,0x00000007c0000000)
 ParOldGen       total 143360K, used 104350K [0x0000000780000000, 0x0000000788c00000, 0x00000007aab00000)
  object space 143360K, 72% used [0x0000000780000000,0x00000007865e7988,0x0000000788c00000)
 Metaspace       used 24845K, capacity 25254K, committed 25600K, reserved 1071104K
  class space    used 2915K, capacity 3019K, committed 3072K, reserved 1048576K
Event: 74.274 GC heap after
Heap after GC invocations=268 (full 2):
 PSYoungGen      total 348672K, used 64K [0x00000007aab00000, 0x00000007c0000000, 0x00000007c0000000)
  eden space 348160K, 0% used [0x00000007aab00000,0x00000007aab00000,0x00000007bff00000)
  from space 512K, 12% used [0x00000007bff80000,0x00000007bff90000,0x00000007c0000000)
  to   space 512K, 0% used [0x00000007bff00000,0x00000007bff00000,0x00000007bff80000)
 ParOldGen       total 143360K, used 104366K [0x0000000780000000, 0x0000000788c00000, 0x00000007aab00000)
  object space 143360K, 72% used [0x0000000780000000,0x00000007865eb988,0x0000000788c00000)
 Metaspace       used 24845K, capacity 25254K, committed 25600K, reserved 1071104K
  class space    used 2915K, capacity 3019K, committed 3072K, reserved 1048576K
}
Event: 74.570 GC heap before
{Heap before GC invocations=269 (full 2):
 PSYoungGen      total 348672K, used 348224K [0x00000007aab00000, 0x00000007c0000000, 0x00000007c0000000)
  eden space 348160K, 100% used [0x00000007aab00000,0x00000007bff00000,0x00000007bff00000)
  from space 512K, 12% used [0x00000007bff80000,0x00000007bff90000,0x00000007c0000000)
  to   space 512K, 0% used [0x00000007bff00000,0x00000007bff00000,0x00000007bff80000)
 ParOldGen       total 143360K, used 104366K [0x0000000780000000, 0x0000000788c00000, 0x00000007aab00000)
  object space 143360K, 72% used [0x0000000780000000,0x00000007865eb988,0x0000000788c00000)
 Metaspace       used 24845K, capacity 25254K, committed 25600K, reserved 1071104K
  class space    used 2915K, capacity 3019K, committed 3072K, reserved 1048576K
Event: 74.583 GC heap after
Heap after GC invocations=269 (full 2):
 PSYoungGen      total 348672K, used 64K [0x00000007aab00000, 0x00000007c0000000, 0x00000007c0000000)
  eden space 348160K, 0% used [0x00000007aab00000,0x00000007aab00000,0x00000007bff00000)
  from space 512K, 12% used [0x00000007bff00000,0x00000007bff10000,0x00000007bff80000)
  to   space 512K, 0% used [0x00000007bff80000,0x00000007bff80000,0x00000007c0000000)
 ParOldGen       total 143360K, used 104366K [0x0000000780000000, 0x0000000788c00000, 0x00000007aab00000)
  object space 143360K, 72% used [0x0000000780000000,0x00000007865eb988,0x0000000788c00000)
 Metaspace       used 24845K, capacity 25254K, committed 25600K, reserved 1071104K
  class space    used 2915K, capacity 3019K, committed 3072K, reserved 1048576K
}
Event: 75.015 GC heap before
{Heap before GC invocations=270 (full 2):
 PSYoungGen      total 348672K, used 348224K [0x00000007aab00000, 0x00000007c0000000, 0x00000007c0000000)
  eden space 348160K, 100% used [0x00000007aab00000,0x00000007bff00000,0x00000007bff00000)
  from space 512K, 12% used [0x00000007bff00000,0x00000007bff10000,0x00000007bff80000)
  to   space 512K, 0% used [0x00000007bff80000,0x00000007bff80000,0x00000007c0000000)
 ParOldGen       total 143360K, used 104366K [0x0000000780000000, 0x0000000788c00000, 0x00000007aab00000)
  object space 143360K, 72% used [0x0000000780000000,0x00000007865eb988,0x0000000788c00000)
 Metaspace       used 24845K, capacity 25254K, committed 25600K, reserved 1071104K
  class space    used 2915K, capacity 3019K, committed 3072K, reserved 1048576K
Event: 75.023 GC heap after
Heap after GC invocations=270 (full 2):
 PSYoungGen      total 348672K, used 128K [0x00000007aab00000, 0x00000007c0000000, 0x00000007c0000000)
  eden space 348160K, 0% used [0x00000007aab00000,0x00000007aab00000,0x00000007bff00000)
  from space 512K, 25% used [0x00000007bff80000,0x00000007bffa0000,0x00000007c0000000)
  to   space 512K, 0% used [0x00000007bff00000,0x00000007bff00000,0x00000007bff80000)
 ParOldGen       total 143360K, used 104374K [0x0000000780000000, 0x0000000788c00000, 0x00000007aab00000)
  object space 143360K, 72% used [0x0000000780000000,0x00000007865ed988,0x0000000788c00000)
 Metaspace       used 24845K, capacity 25254K, committed 25600K, reserved 1071104K
  class space    used 2915K, capacity 3019K, committed 3072K, reserved 1048576K
}
Event: 75.368 GC heap before
{Heap before GC invocations=271 (full 2):
 PSYoungGen      total 348672K, used 348288K [0x00000007aab00000, 0x00000007c0000000, 0x00000007c0000000)
  eden space 348160K, 100% used [0x00000007aab00000,0x00000007bff00000,0x00000007bff00000)
  from space 512K, 25% used [0x00000007bff80000,0x00000007bffa0000,0x00000007c0000000)
  to   space 512K, 0% used [0x00000007bff00000,0x00000007bff00000,0x00000007bff80000)
 ParOldGen       total 143360K, used 104374K [0x0000000780000000, 0x0000000788c00000, 0x00000007aab00000)
  object space 143360K, 72% used [0x0000000780000000,0x00000007865ed988,0x0000000788c00000)
 Metaspace       used 24846K, capacity 25254K, committed 25600K, reserved 1071104K
  class space    used 2915K, capacity 3019K, committed 3072K, reserved 1048576K
Event: 75.388 GC heap after
Heap after GC invocations=271 (full 2):
 PSYoungGen      total 348672K, used 128K [0x00000007aab00000, 0x00000007c0000000, 0x00000007c0000000)
  eden space 348160K, 0% used [0x00000007aab00000,0x00000007aab00000,0x00000007bff00000)
  from space 512K, 25% used [0x00000007bff00000,0x00000007bff20000,0x00000007bff80000)
  to   space 512K, 0% used [0x00000007bff80000,0x00000007bff80000,0x00000007c0000000)
 ParOldGen       total 143360K, used 104374K [0x0000000780000000, 0x0000000788c00000, 0x00000007aab00000)
  object space 143360K, 72% used [0x0000000780000000,0x00000007865ed988,0x0000000788c00000)
 Metaspace       used 24846K, capacity 25254K, committed 25600K, reserved 1071104K
  class space    used 2915K, capacity 3019K, committed 3072K, reserved 1048576K
}
Event: 75.516 GC heap before
{Heap before GC invocations=272 (full 2):
 PSYoungGen      total 348672K, used 348288K [0x00000007aab00000, 0x00000007c0000000, 0x00000007c0000000)
  eden space 348160K, 100% used [0x00000007aab00000,0x00000007bff00000,0x00000007bff00000)
  from space 512K, 25% used [0x00000007bff00000,0x00000007bff20000,0x00000007bff80000)
  to   space 512K, 0% used [0x00000007bff80000,0x00000007bff80000,0x00000007c0000000)
 ParOldGen       total 143360K, used 104374K [0x0000000780000000, 0x0000000788c00000, 0x00000007aab00000)
  object space 143360K, 72% used [0x0000000780000000,0x00000007865ed988,0x0000000788c00000)
 Metaspace       used 24846K, capacity 25254K, committed 25600K, reserved 1071104K
  class space    used 2915K, capacity 3019K, committed 3072K, reserved 1048576K
Event: 75.521 GC heap after
Heap after GC invocations=272 (full 2):
 PSYoungGen      total 348672K, used 96K [0x00000007aab00000, 0x00000007c0000000, 0x00000007c0000000)
  eden space 348160K, 0% used [0x00000007aab00000,0x00000007aab00000,0x00000007bff00000)
  from space 512K, 18% used [0x00000007bff80000,0x00000007bff98000,0x00000007c0000000)
  to   space 512K, 0% used [0x00000007bff00000,0x00000007bff00000,0x00000007bff80000)
 ParOldGen       total 143360K, used 104374K [0x0000000780000000, 0x0000000788c00000, 0x00000007aab00000)
  object space 143360K, 72% used [0x0000000780000000,0x00000007865ed988,0x0000000788c00000)
 Metaspace       used 24846K, capacity 25254K, committed 25600K, reserved 1071104K
  class space    used 2915K, capacity 3019K, committed 3072K, reserved 1048576K
}

